<?xml version="1.0" encoding="UTF-8"?>
<!-- Generated by org.testng.reporters.JUnitReportReporter -->
<testsuite hostname="WIN-QFVULB7F2O7" name="topdeep.autotest.biz.executer.impl.browser.BrowserUserCaseExecuteTest" tests="1" failures="0" timestamp="28 Jul 2016 05:52:44 GMT" time="8.356" errors="0">
  <testcase name="executeTest" time="8.356" classname="topdeep.autotest.biz.executer.impl.browser.BrowserUserCaseExecuteTest"/>
</testsuite> <!-- topdeep.autotest.biz.executer.impl.browser.BrowserUserCaseExecuteTest -->
