<?xml version="1.0" encoding="UTF-8"?>
<!-- Generated by org.testng.reporters.JUnitReportReporter -->
<testsuite hostname="WIN-QFVULB7F2O7" name="topdeep.autotest.entity.data.util.ExcelDataProviderTest" tests="1" failures="0" timestamp="13 Jul 2016 10:28:50 GMT" time="0.032" errors="0">
  <testcase name="getdataTest" time="0.032" classname="topdeep.autotest.entity.data.util.ExcelDataProviderTest"/>
</testsuite> <!-- topdeep.autotest.entity.data.util.ExcelDataProviderTest -->
