<?xml version="1.0" encoding="UTF-8"?>
<!-- Generated by org.testng.reporters.JUnitReportReporter -->
<testsuite hostname="WIN-QFVULB7F2O7" name="topdeep.autotest.biz.executer.impl.browser.BrowserUserCaseExecuteTest" tests="1" failures="0" timestamp="27 Jul 2016 10:48:15 GMT" time="9.677" errors="0">
  <testcase name="executeTest" time="9.677" classname="topdeep.autotest.biz.executer.impl.browser.BrowserUserCaseExecuteTest"/>
</testsuite> <!-- topdeep.autotest.biz.executer.impl.browser.BrowserUserCaseExecuteTest -->
